This is pdfTeX, Version 3.141592653-2.6-1.40.24 (MiKTeX 22.1) (preloaded format=pdflatex 2023.6.3)  3 JUN 2023 18:51
entering extended mode
 restricted \write18 enabled.
 file:line:error style messages enabled.
 %&-line parsing enabled.
**/Users/aleben/UniProjects/Didattica2023/docenti/sections/0_titolo/titolo.tex
(/Users/aleben/UniProjects/Didattica2023/docenti/sections/0_titolo/titolo.tex
LaTeX2e <2022-11-01> patch level 1
L3 programming layer <2023-05-15> (/Users/aleben/Library/Application Support/MiKTeX/texmfs/install/tex/latex/subfiles/subfiles.cls
Document Class: subfiles 2020/11/14 v2.2 Multi-file projects (class)
Preamble taken from file `../../main.tex'
(/Users/aleben/Library/Application Support/MiKTeX/texmfs/install/tex/latex/import/import.sty
Package: import 2020/04/01  v 6.2
)

! LaTeX Error: File `../../main.tex' not found.

Type X to quit or <RETURN> to proceed,
or enter new name. (Default extension: tex)

Enter file name: 
/Users/aleben/Library/Application Support/MiKTeX/texmfs/install/tex/latex/subfiles/subfiles.cls:45: Emergency stop.
<read *> 
         
l.45 \input{\preamble@file}
                           ^^M
*** (cannot \read from terminal in nonstop modes)

 
Here is how much of TeX's memory you used:
 87 strings out of 476411
 2286 string characters out of 5780194
 1850851 words of memory out of 5000000
 20530 multiletter control sequences out of 15000+600000
 512287 words of font info for 32 fonts, out of 8000000 for 9000
 1141 hyphenation exceptions out of 8191
 42i,0n,52p,210b,18s stack positions out of 10000i,1000n,20000p,200000b,200000s
/Users/aleben/Library/Application Support/MiKTeX/texmfs/install/tex/latex/subfiles/subfiles.cls:45:  ==> Fatal error occurred, no output PDF file produced!
